<html>
<body>
<pre>
<h1>µVision Build Log</h1>
<h2>Tool Versions:</h2>
IDE-Version: £gVision V5.36.0.0
Copyright (C) 2021 ARM Ltd and ARM Germany GmbH. All rights reserved.
License Information: max Chen, nuvoton, LIC=----
 
Tool Versions:
Toolchain:       MDK-Lite  Version: 5.36.0.0
Toolchain Path:  C:\Keil_v5\ARM\ARMCLANG\Bin
C Compiler:      ArmClang.exe V6.16
Assembler:       Armasm.exe V6.16
Linker/Locator:  ArmLink.exe V6.16
Library Manager: ArmAr.exe V6.16
Hex Converter:   FromElf.exe V6.16
CPU DLL:         SARMCM3.DLL V5.36.0.0
Dialog DLL:      DCM.DLL V1.17.3.0
Target DLL:      UL2CM3.DLL V1.164.0.0
Dialog DLL:      TCM.DLL V1.53.0.0
 
<h2>Project:</h2>
C:\Users\m460bsp-master\ThirdParty\tflite_micro\Lib\KEIL\tflite_micro.uvprojx
Project File Date:  07/08/2022

<h2>Output:</h2>
*** Using Compiler 'V6.16', folder: 'C:\Keil_v5\ARM\ARMCLANG\Bin'
Build target 'Release'
Note: source file '..\..\tensorflow\lite\kernels\kernel_util.cc' - object file renamed from '.\Objects\kernel_util.o' to '.\Objects\kernel_util_1.o'.
../../tensorflow/lite/micro/kernels/cmsis_nn/depthwise_conv.cc(18): error: 'CMSIS/NN/Include/arm_nnfunctions.h' file not found
#include "CMSIS/NN/Include/arm_nnfunctions.h"
         ^~~~~~~~~~~~~~~~~~~~~~~~~~~~~~~~~~~~
1 error generated.
compiling depthwise_conv.cc...
../../tensorflow/lite/micro/kernels/cmsis_nn/fully_connected.cc(18): error: 'CMSIS/NN/Include/arm_nnfunctions.h' file not found
#include "CMSIS/NN/Include/arm_nnfunctions.h"
         ^~~~~~~~~~~~~~~~~~~~~~~~~~~~~~~~~~~~
1 error generated.
compiling fully_connected.cc...
../../tensorflow/lite/micro/kernels/cmsis_nn/conv.cc(18): error: 'CMSIS/NN/Include/arm_nn_types.h' file not found
#include "CMSIS/NN/Include/arm_nn_types.h"
         ^~~~~~~~~~~~~~~~~~~~~~~~~~~~~~~~~
1 error generated.
compiling conv.cc...
../../tensorflow/lite/micro/kernels/cmsis_nn/softmax.cc(18): error: 'CMSIS/NN/Include/arm_nnfunctions.h' file not found
#include "CMSIS/NN/Include/arm_nnfunctions.h"
         ^~~~~~~~~~~~~~~~~~~~~~~~~~~~~~~~~~~~
1 error generated.
compiling softmax.cc...
../../tensorflow/lite/micro/kernels/cmsis_nn/add.cc(18): error: 'CMSIS/NN/Include/arm_nnfunctions.h' file not found
#include "CMSIS/NN/Include/arm_nnfunctions.h"
         ^~~~~~~~~~~~~~~~~~~~~~~~~~~~~~~~~~~~
1 error generated.
compiling add.cc...
../../tensorflow/lite/micro/kernels/cmsis_nn/svdf.cc(19): error: 'CMSIS/NN/Include/arm_nn_types.h' file not found
#include "CMSIS/NN/Include/arm_nn_types.h"
         ^~~~~~~~~~~~~~~~~~~~~~~~~~~~~~~~~
1 error generated.
compiling svdf.cc...
../../tensorflow/lite/micro/kernels/cmsis_nn/mul.cc(18): error: 'CMSIS/NN/Include/arm_nnfunctions.h' file not found
#include "CMSIS/NN/Include/arm_nnfunctions.h"
         ^~~~~~~~~~~~~~~~~~~~~~~~~~~~~~~~~~~~
1 error generated.
compiling mul.cc...
../../tensorflow/lite/micro/kernels/cmsis_nn/pooling.cc(17): error: 'CMSIS/NN/Include/arm_nnfunctions.h' file not found
#include "CMSIS/NN/Include/arm_nnfunctions.h"
         ^~~~~~~~~~~~~~~~~~~~~~~~~~~~~~~~~~~~
1 error generated.
compiling pooling.cc...
compiling debug_log.cc...
compiling micro_time.cc...
compiling micro_error_reporter.cc...
compiling memory_helpers.cc...
compiling micro_profiler.cc...
compiling fake_micro_context.cc...
compiling micro_context.cc...
compiling flatbuffer_utils.cc...
compiling micro_string.cc...
compiling micro_graph.cc...
compiling all_ops_resolver.cc...
compiling recording_simple_memory_allocator.cc...
compiling micro_interpreter.cc...
compiling micro_allocator.cc...
compiling system_setup.cc...
compiling greedy_memory_planner.cc...
compiling linear_memory_planner.cc...
compiling non_persistent_buffer_planner_shim.cc...
compiling micro_utils.cc...
compiling micro_resource_variable.cc...
compiling simple_memory_allocator.cc...
compiling mock_micro_graph.cc...
compiling recording_micro_allocator.cc...
compiling test_helper_custom_ops.cc...
compiling activations.cc...
compiling activations_common.cc...
compiling add_common.cc...
compiling add_n.cc...
compiling arg_min_max.cc...
compiling assign_variable.cc...
compiling circular_buffer_flexbuffers_generated_data.cc...
compiling batch_to_space_nd.cc...
compiling test_helpers.cc...
compiling call_once.cc...
compiling ceil.cc...
compiling circular_buffer.cc...
compiling cast.cc...
compiling circular_buffer_common.cc...
compiling conv_common.cc...
compiling concatenation.cc...
compiling conv_test_common.cc...
compiling detection_postprocess_flexbuffers_generated_data.cc...
compiling depth_to_space.cc...
compiling cumsum.cc...
compiling depthwise_conv_common.cc...
compiling dequantize.cc...
compiling dequantize_common.cc...
compiling comparisons.cc...
compiling detection_postprocess.cc...
compiling exp.cc...
compiling elu.cc...
compiling elementwise.cc...
compiling expand_dims.cc...
compiling fill.cc...
compiling floor.cc...
compiling floor_div.cc...
compiling fully_connected_common.cc...
compiling floor_mod.cc...
compiling gather.cc...
compiling gather_nd.cc...
compiling hard_swish.cc...
compiling hard_swish_common.cc...
compiling if.cc...
compiling kernel_runner.cc...
compiling kernel_util.cc...
compiling l2_pool_2d.cc...
compiling leaky_relu.cc...
compiling leaky_relu_common.cc...
compiling l2norm.cc...
compiling logical.cc...
compiling log_softmax.cc...
compiling logical_common.cc...
compiling logistic.cc...
compiling logistic_common.cc...
compiling mirror_pad.cc...
compiling maximum_minimum.cc...
compiling mul_common.cc...
compiling neg.cc...
compiling pack.cc...
compiling pad.cc...
compiling prelu.cc...
compiling prelu_common.cc...
compiling pooling_common.cc...
compiling quantize.cc...
compiling read_variable.cc...
compiling quantize_common.cc...
compiling reshape.cc...
compiling resize_bilinear.cc...
compiling round.cc...
compiling reduce.cc...
compiling resize_nearest_neighbor.cc...
compiling shape.cc...
compiling softmax_common.cc...
compiling slice.cc...
compiling space_to_batch_nd.cc...
compiling space_to_depth.cc...
compiling squeeze.cc...
compiling split_v.cc...
compiling split.cc...
compiling strided_slice.cc...
compiling sub_common.cc...
compiling sub.cc...
compiling common.c...
compiling error_reporter.cc...
compiling unpack.cc...
compiling svdf_common.cc...
compiling tanh.cc...
compiling transpose.cc...
compiling tensor_utils.cc...
compiling transpose_conv.cc...
compiling var_handle.cc...
compiling quantization_util.cc...
compiling kernel_util.cc...
compiling zeros_like.cc...
compiling op_resolver.cc...
compiling schema_utils.cc...
compiling portable_tensor_utils.cc...
compiling flatbuffer_conversions.cc...
".\Objects\tflu.lib" - 8 Error(s), 0 Warning(s).

<h2>Software Packages used:</h2>

Package Vendor: ARM
                http://www.keil.com/pack/ARM.CMSIS.5.8.0.pack
                ARM.CMSIS.5.8.0
                CMSIS (Common Microcontroller Software Interface Standard)

<h2>Collection of Component include folders:</h2>
  C:\Users\CYCHEN38\AppData\Local\Arm\Packs\ARM\CMSIS\5.8.0\Device\ARM\ARMCM4\Include

<h2>Collection of Component Files used:</h2>
Target not created.
Build Time Elapsed:  00:00:42
</pre>
</body>
</html>
